2014-04-06 20:59:54,130 - [INFO] - from play in pool-4-thread-1 
Listening for HTTP on /0:0:0:0:0:0:0:0:9000

2014-04-06 21:00:46,047 - [INFO] - from play in play-internal-execution-context-1 
database [default] connected at jdbc:h2:mem:play

2014-04-06 21:00:48,876 - [INFO] - from play in play-internal-execution-context-1 
Application started (Dev)

2014-04-06 21:01:13,329 - [INFO] - from play in play-internal-execution-context-1 
database [default] connected at jdbc:h2:mem:play

2014-04-06 21:01:13,562 - [INFO] - from play in play-internal-execution-context-1 
Application started (Dev)

2014-04-06 21:04:49,676 - [INFO] - from play in play-internal-execution-context-12 
database [default] connected at jdbc:h2:mem:play

2014-04-06 21:04:50,888 - [INFO] - from play in play-internal-execution-context-12 
Application started (Dev)

2014-04-06 21:04:56,710 - [INFO] - from play in play-internal-execution-context-12 
database [default] connected at jdbc:h2:mem:play

2014-04-06 21:04:57,047 - [INFO] - from play in play-internal-execution-context-12 
Application started (Dev)

2014-04-06 21:06:42,129 - [INFO] - from play in play-internal-execution-context-12 
database [default] connected at jdbc:h2:mem:play

2014-04-06 21:06:42,503 - [INFO] - from play in play-internal-execution-context-12 
Application started (Dev)

2014-04-06 21:06:59,945 - [INFO] - from play in play-internal-execution-context-12 
database [default] connected at jdbc:h2:mem:play

2014-04-06 21:07:00,322 - [INFO] - from play in play-internal-execution-context-12 
Application started (Dev)

2014-04-06 21:07:11,795 - [INFO] - from play in play-internal-execution-context-12 
database [default] connected at jdbc:h2:mem:play

2014-04-06 21:07:12,177 - [INFO] - from play in play-internal-execution-context-12 
Application started (Dev)

2014-04-06 21:07:19,897 - [INFO] - from play in play-internal-execution-context-12 
database [default] connected at jdbc:h2:mem:play

2014-04-06 21:07:20,242 - [INFO] - from play in play-internal-execution-context-12 
Application started (Dev)

2014-04-06 21:11:14,879 - [INFO] - from play in play-internal-execution-context-13 
database [default] connected at jdbc:h2:mem:play

2014-04-06 21:11:15,700 - [INFO] - from play in play-internal-execution-context-13 
Application started (Dev)

2014-04-06 21:11:21,138 - [INFO] - from play in play-internal-execution-context-13 
database [default] connected at jdbc:h2:mem:play

2014-04-06 21:11:21,420 - [INFO] - from play in play-internal-execution-context-13 
Application started (Dev)

2014-04-06 21:11:55,731 - [INFO] - from play in play-internal-execution-context-13 
database [default] connected at jdbc:h2:mem:play

2014-04-06 21:11:56,018 - [INFO] - from play in play-internal-execution-context-13 
Application started (Dev)

2014-04-06 21:12:04,203 - [INFO] - from play in play-internal-execution-context-13 
database [default] connected at jdbc:h2:mem:play

2014-04-06 21:12:04,513 - [INFO] - from play in play-internal-execution-context-13 
Application started (Dev)

2014-04-06 21:14:10,749 - [INFO] - from play in play-internal-execution-context-13 
database [default] connected at jdbc:h2:mem:play

2014-04-06 21:14:11,825 - [INFO] - from play in play-internal-execution-context-13 
Application started (Dev)

2014-04-06 21:14:19,206 - [INFO] - from play in play-internal-execution-context-13 
database [default] connected at jdbc:h2:mem:play

2014-04-06 21:14:19,524 - [INFO] - from play in play-internal-execution-context-13 
Application started (Dev)

2014-04-06 21:16:01,737 - [INFO] - from play in play-internal-execution-context-15 
database [default] connected at jdbc:h2:mem:play

2014-04-06 21:16:02,306 - [INFO] - from play in play-internal-execution-context-15 
Application started (Dev)

2014-04-06 21:16:13,172 - [INFO] - from play in play-internal-execution-context-15 
database [default] connected at jdbc:h2:mem:play

2014-04-06 21:16:13,467 - [INFO] - from play in play-internal-execution-context-15 
Application started (Dev)

2014-04-06 21:16:45,272 - [INFO] - from play in play-internal-execution-context-15 
database [default] connected at jdbc:h2:mem:play

2014-04-06 21:16:45,563 - [INFO] - from play in play-internal-execution-context-15 
Application started (Dev)

2014-04-06 21:17:02,497 - [INFO] - from play in play-internal-execution-context-15 
database [default] connected at jdbc:h2:mem:play

2014-04-06 21:17:02,769 - [INFO] - from play in play-internal-execution-context-15 
Application started (Dev)

2014-04-06 21:17:36,843 - [INFO] - from play in play-internal-execution-context-15 
database [default] connected at jdbc:h2:mem:play

2014-04-06 21:17:37,137 - [INFO] - from play in play-internal-execution-context-15 
Application started (Dev)

2014-04-06 21:17:50,750 - [INFO] - from play in play-internal-execution-context-15 
database [default] connected at jdbc:h2:mem:play

2014-04-06 21:17:51,050 - [INFO] - from play in play-internal-execution-context-15 
Application started (Dev)

2014-04-06 21:18:34,147 - [INFO] - from play in play-internal-execution-context-15 
database [default] connected at jdbc:h2:mem:play

2014-04-06 21:18:34,384 - [INFO] - from play in play-internal-execution-context-15 
Application started (Dev)

2014-04-06 21:18:39,125 - [INFO] - from play in play-internal-execution-context-15 
database [default] connected at jdbc:h2:mem:play

2014-04-06 21:18:39,643 - [INFO] - from play in play-internal-execution-context-15 
Application started (Dev)

2014-04-06 21:20:44,651 - [INFO] - from play in play-internal-execution-context-15 
database [default] connected at jdbc:h2:mem:play

2014-04-06 21:20:44,893 - [INFO] - from play in play-internal-execution-context-15 
Application started (Dev)

2014-04-06 21:20:52,987 - [INFO] - from play in play-internal-execution-context-15 
database [default] connected at jdbc:h2:mem:play

2014-04-06 21:20:53,289 - [INFO] - from play in play-internal-execution-context-15 
Application started (Dev)

